<?xml version="1.0" encoding="UTF-8"?>
<testng-results ignored="0" total="1" passed="1" failed="0" skipped="0">
  <reporter-output>
  </reporter-output>
  <suite started-at="2024-12-17T15:39:56 IST" name="Default suite" finished-at="2024-12-17T15:40:03 IST" duration-ms="7188">
    <groups>
    </groups>
    <test started-at="2024-12-17T15:39:56 IST" name="Default test" finished-at="2024-12-17T15:40:03 IST" duration-ms="7188">
      <class name="pac1.NewTest">
        <test-method signature="fTest()[pri:0, instance:pac1.NewTest@7b8b43c7]" started-at="2024-12-17T15:39:56 IST" name="fTest" finished-at="2024-12-17T15:40:03 IST" duration-ms="6927" status="PASS">
          <reporter-output>
          </reporter-output>
        </test-method> <!-- fTest -->
      </class> <!-- pac1.NewTest -->
    </test> <!-- Default test -->
  </suite> <!-- Default suite -->
</testng-results>
