<?xml version="1.0" encoding="UTF-8"?>
<testng-results ignored="0" total="1" passed="1" failed="0" skipped="0">
  <reporter-output>
  </reporter-output>
  <suite started-at="2024-12-16T18:55:45 IST" name="Default suite" finished-at="2024-12-16T18:55:54 IST" duration-ms="8977">
    <groups>
    </groups>
    <test started-at="2024-12-16T18:55:45 IST" name="Default test" finished-at="2024-12-16T18:55:54 IST" duration-ms="8977">
      <class name="pac1.NewTest">
        <test-method signature="fTest()[pri:0, instance:pac1.NewTest@2141a12]" started-at="2024-12-16T18:55:46 IST" name="fTest" finished-at="2024-12-16T18:55:54 IST" duration-ms="8684" status="PASS">
          <reporter-output>
          </reporter-output>
        </test-method> <!-- fTest -->
      </class> <!-- pac1.NewTest -->
    </test> <!-- Default test -->
  </suite> <!-- Default suite -->
</testng-results>
